<?xml version="1.0" encoding="UTF-8"?>
<!-- Generated by org.testng.reporters.JUnitReportReporter -->
<testsuite hostname="LSTKEN250198" failures="0" tests="4" name="api.test.UserTests2" time="4.138" errors="0" timestamp="2023-09-20T16:53:45 PDT" skipped="0">
  <testcase classname="api.test.UserTests2" name="testPostUser" time="2.294"/>
  <testcase classname="api.test.UserTests2" name="testGetUserByName" time="0.489"/>
  <testcase classname="api.test.UserTests2" name="testUpdateUserByName" time="0.915"/>
  <testcase classname="api.test.UserTests2" name="testDeleteUserByName" time="0.440"/>
</testsuite> <!-- api.test.UserTests2 -->
