<?xml version="1.0" encoding="UTF-8"?>
<!-- Generated by org.testng.reporters.JUnitReportReporter -->
<testsuite hostname="LSTKEN250198" failures="0" tests="6" name="api.test.DDTest" time="4.237" errors="0" timestamp="2023-09-20T10:41:18 PDT" skipped="0">
  <testcase classname="api.test.DDTest" name="testPostUser" time="1.968"/>
  <testcase classname="api.test.DDTest" name="testPostUser" time="0.443"/>
  <testcase classname="api.test.DDTest" name="testPostUser" time="0.449"/>
  <testcase classname="api.test.DDTest" name="testDeleteUserByName" time="0.441"/>
  <testcase classname="api.test.DDTest" name="testDeleteUserByName" time="0.462"/>
  <testcase classname="api.test.DDTest" name="testDeleteUserByName" time="0.474"/>
</testsuite> <!-- api.test.DDTest -->
