<?xml version="1.0" encoding="UTF-8"?>
<!-- Generated by org.testng.reporters.JUnitReportReporter -->
<testsuite hostname="LSTKEN250198" failures="0" tests="4" name="api.test.UserTests" time="5.253" errors="0" timestamp="2023-09-20T16:17:32 PDT" skipped="0">
  <testcase classname="api.test.UserTests" name="testPostUser" time="3.356"/>
  <testcase classname="api.test.UserTests" name="testGetUserByName" time="0.521"/>
  <testcase classname="api.test.UserTests" name="testUpdateUserByName" time="0.916"/>
  <testcase classname="api.test.UserTests" name="testDeleteUserByName" time="0.460"/>
</testsuite> <!-- api.test.UserTests -->
