<?xml version="1.0" encoding="UTF-8"?>
<!-- Generated by org.testng.reporters.JUnitReportReporter -->
<testsuite hostname="LSTKEN250198" failures="0" tests="4" name="api.test.UserTests2" time="4.399" errors="0" timestamp="2023-09-21T10:15:47 PDT" skipped="0">
  <testcase classname="api.test.UserTests2" name="testPostUser" time="2.167"/>
  <testcase classname="api.test.UserTests2" name="testGetUserByName" time="0.674"/>
  <testcase classname="api.test.UserTests2" name="testUpdateUserByName" time="1.119"/>
  <testcase classname="api.test.UserTests2" name="testDeleteUserByName" time="0.439"/>
</testsuite> <!-- api.test.UserTests2 -->
